2017-08-20 10:44:33,621 [bfs_console] [INFO] - >>> help()
2017-08-20 10:45:19,871 [bfs_console] [INFO] - >>>  start_ie()
2017-08-20 10:45:27,154 [bfs_console] [INFO] - >>>  start_ie();
2017-08-20 10:47:08,178 [bfs_console] [INFO] - >>> start_chrome()
2017-08-20 10:47:08,178 [helium.api] [INFO] - start_chrome()
2017-08-20 10:47:43,867 [bfs_console] [INFO] - >>> go_to("google.com")
2017-08-20 10:47:43,867 [helium.api] [INFO] - go_to('google.com')
2017-08-20 10:50:32,279 [bfs_console] [INFO] - >>> write("Helium")
2017-08-20 10:50:32,279 [helium.api] [INFO] - write('Helium')
2017-08-20 10:56:40,190 [bfs_console] [INFO] - >>> go_t("bing.com")
2017-08-20 10:57:06,996 [bfs_console] [INFO] - >>> go_to("bing.com")
2017-08-20 10:57:06,996 [helium.api] [INFO] - go_to('bing.com')
2017-08-20 11:08:03,135 [bfs_console] [INFO] - >>> write("cloudsystems.sa")
2017-08-20 11:08:03,135 [helium.api] [INFO] - write('cloudsystems.sa')
2017-08-20 11:08:53,756 [bfs_console] [INFO] - >>> click("Contact Us")
2017-08-20 11:08:53,756 [helium.api] [INFO] - click('Contact Us')
2017-08-20 11:09:27,154 [bfs_console] [INFO] - >>> press(ENTER)
2017-08-20 11:09:27,217 [helium.api] [INFO] - press(u'\ue007')
2017-08-20 11:11:30,631 [bfs_console] [INFO] - >>> press(ENTER)
2017-08-20 11:11:30,631 [helium.api] [INFO] - press(u'\ue007')
2017-08-20 11:11:59,647 [bfs_console] [INFO] - >>> go_to("bing.com")
2017-08-20 11:11:59,647 [helium.api] [INFO] - go_to('bing.com')
2017-08-20 11:12:33,092 [bfs_console] [INFO] - >>> write("cloudsystems.sa")
2017-08-20 11:12:33,092 [helium.api] [INFO] - write('cloudsystems.sa')
2017-08-20 11:13:46,573 [bfs_console] [INFO] - >>> click("Contact Us")
2017-08-20 11:13:46,573 [helium.api] [INFO] - click('Contact Us')
2017-08-20 11:13:56,693 [bfs_console] [INFO] - >>>  press(ENTER)
2017-08-20 11:13:56,693 [bfs_console] [INFO] - >>> 
2017-08-20 11:13:56,733 [bfs_console] [INFO] - >>> 
2017-08-20 11:14:08,226 [bfs_console] [INFO] - >>> press(ENTER)
2017-08-20 11:14:08,226 [helium.api] [INFO] - press(u'\ue007')
2017-08-20 11:14:26,546 [bfs_console] [INFO] - >>> click("Contact Us")
2017-08-20 11:14:26,546 [helium.api] [INFO] - click('Contact Us')
2017-08-20 11:22:19,361 [bfs_console] [INFO] - >>> go_to("bing.com")
2017-08-20 11:22:19,361 [helium.api] [INFO] - go_to('bing.com')
